---------------------------------
Date : 13/04/2021 (14:34 pm)
Imie i Nazwisko
---------------------------------
Moja tablica
 0.000  0.000  0.000  0.000  0.000  0.000  0.000  0.000  0.000  0.000  0.000  0.000  0.000  0.000  0.000  0.000  0.000  0.000 15.500 99.900 
Moja tablica (po zmianie)
43.633 43.634 43.633 43.634 43.632 43.637 43.626 43.647 43.606 43.688 43.523 43.853 43.194 44.513 41.875 47.150 36.600 57.700 15.500 99.900 
Searching for maximum
Local maximum 99.900
Local maximum 57.700
Local maximum 57.700
Local maximum 47.150
Local maximum 47.150
Local maximum 44.513
Local maximum 44.513
Local maximum 43.853
Local maximum 43.853
Local maximum 43.688
Local maximum 43.688
Local maximum 43.647
Local maximum 43.647
Local maximum 43.637
Local maximum 43.637
Local maximum 43.634
Local maximum 43.634
Local maximum 43.634
Global maximum 99.900
